[debug] [2018-01-10T23:07:16.990Z] ----------------------------------------------------------------------
[debug] [2018-01-10T23:07:16.992Z] Command:       C:\Program Files\nodejs\node.exe C:\Users\pc\AppData\Roaming\npm\node_modules\firebase-tools\bin\firebase serve
[debug] [2018-01-10T23:07:16.992Z] CLI Version:   3.16.0
[debug] [2018-01-10T23:07:16.992Z] Platform:      win32
[debug] [2018-01-10T23:07:16.992Z] Node Version:  v8.9.4
[debug] [2018-01-10T23:07:16.992Z] Time:          Wed Jan 10 2018 20:07:16 GMT-0300 (Hora verano Sudamérica Pacífico)
[debug] [2018-01-10T23:07:16.992Z] ----------------------------------------------------------------------
[debug] 
[debug] [2018-01-10T23:07:17.008Z] > command requires scopes: ["email","openid","https://www.googleapis.com/auth/cloudplatformprojects.readonly","https://www.googleapis.com/auth/firebase","https://www.googleapis.com/auth/cloud-platform"]
[debug] [2018-01-10T23:07:17.008Z] > authorizing via signed-in user
[debug] [2018-01-10T23:07:17.008Z] > refreshing access token with scopes: ["email","https://www.googleapis.com/auth/cloud-platform","https://www.googleapis.com/auth/cloudplatformprojects.readonly","https://www.googleapis.com/auth/firebase","openid"]
[debug] [2018-01-10T23:07:17.008Z] >>> HTTP REQUEST POST https://www.googleapis.com/oauth2/v3/token  
 { refresh_token: '1/bt3zAcvKu0Q4g4RxhzEzFMUJ2NVHOc8h4KlEQEKwXjU',
  client_id: '563584335869-fgrhgmd47bqnekij5i8b5pr03ho849e6.apps.googleusercontent.com',
  client_secret: 'j9iVZfS8kkCEFUPaAeJV0sAi',
  grant_type: 'refresh_token',
  scope: 'email https://www.googleapis.com/auth/cloud-platform https://www.googleapis.com/auth/cloudplatformprojects.readonly https://www.googleapis.com/auth/firebase openid' } 
 Wed Jan 10 2018 20:07:17 GMT-0300 (Hora verano Sudamérica Pacífico)
[debug] [2018-01-10T23:07:17.430Z] <<< HTTP RESPONSE 200
[debug] [2018-01-10T23:07:17.461Z] >>> HTTP REQUEST GET https://admin.firebase.com/v1/projects/proyecto-movietop  
  
 Wed Jan 10 2018 20:07:17 GMT-0300 (Hora verano Sudamérica Pacífico)
[debug] [2018-01-10T23:07:18.625Z] <<< HTTP RESPONSE 200
[debug] [2018-01-10T23:07:18.625Z] >>> HTTP REQUEST GET https://admin.firebase.com/v1/database/proyecto-movietop/tokens  
  
 Wed Jan 10 2018 20:07:18 GMT-0300 (Hora verano Sudamérica Pacífico)
[debug] [2018-01-10T23:07:19.458Z] <<< HTTP RESPONSE 200
[info] 
[info] === Serving from 'C:\Users\pc\Desktop\firebase-movietop'...
[info] 
[debug] [2018-01-10T23:07:19.474Z] >>> HTTP REQUEST GET https://cloudresourcemanager.googleapis.com/v1/projects/proyecto-movietop  
  
 Wed Jan 10 2018 20:07:19 GMT-0300 (Hora verano Sudamérica Pacífico)
[debug] [2018-01-10T23:07:20.593Z] <<< HTTP RESPONSE 200
[debug] [2018-01-10T23:07:20.593Z] >>> HTTP REQUEST GET https://mobilesdk-pa.googleapis.com/v1/projects/255240706859/clients/_:getWebAppConfig  
  
 Wed Jan 10 2018 20:07:20 GMT-0300 (Hora verano Sudamérica Pacífico)
[debug] [2018-01-10T23:07:21.786Z] <<< HTTP RESPONSE 200
[debug] [2018-01-10T23:07:22.020Z] TypeError: Cannot read property 'public' of undefined
    at Server.<anonymous> (C:\Users\pc\AppData\Roaming\npm\node_modules\firebase-tools\lib\serve\hosting.js:34:18)
    at Object.onceWrapper (events.js:313:30)
    at emitNone (events.js:106:13)
    at Server.emit (events.js:208:7)
    at emitListeningNT (net.js:1378:10)
    at _combinedTickCallback (internal/process/next_tick.js:135:11)
    at process._tickDomainCallback (internal/process/next_tick.js:218:9)
[error] 
[error] Error: An unexpected error has occurred.
[debug] [2018-01-10T23:08:02.925Z] ----------------------------------------------------------------------
[debug] [2018-01-10T23:08:02.940Z] Command:       C:\Program Files\nodejs\node.exe C:\Users\pc\AppData\Roaming\npm\node_modules\firebase-tools\bin\firebase serve
[debug] [2018-01-10T23:08:02.940Z] CLI Version:   3.16.0
[debug] [2018-01-10T23:08:02.940Z] Platform:      win32
[debug] [2018-01-10T23:08:02.940Z] Node Version:  v8.9.4
[debug] [2018-01-10T23:08:02.940Z] Time:          Wed Jan 10 2018 20:08:02 GMT-0300 (Hora verano Sudamérica Pacífico)
[debug] [2018-01-10T23:08:02.940Z] ----------------------------------------------------------------------
[debug] 
[debug] [2018-01-10T23:08:02.956Z] > command requires scopes: ["email","openid","https://www.googleapis.com/auth/cloudplatformprojects.readonly","https://www.googleapis.com/auth/firebase","https://www.googleapis.com/auth/cloud-platform"]
[debug] [2018-01-10T23:08:02.956Z] > authorizing via signed-in user
[debug] [2018-01-10T23:08:02.956Z] >>> HTTP REQUEST GET https://admin.firebase.com/v1/projects/proyecto-movietop  
  
 Wed Jan 10 2018 20:08:02 GMT-0300 (Hora verano Sudamérica Pacífico)
[debug] [2018-01-10T23:08:03.847Z] <<< HTTP RESPONSE 200
[debug] [2018-01-10T23:08:03.847Z] >>> HTTP REQUEST GET https://admin.firebase.com/v1/database/proyecto-movietop/tokens  
  
 Wed Jan 10 2018 20:08:03 GMT-0300 (Hora verano Sudamérica Pacífico)
[debug] [2018-01-10T23:08:04.620Z] <<< HTTP RESPONSE 200
[info] 
[info] === Serving from 'C:\Users\pc\Desktop\firebase-movietop'...
[info] 
[debug] [2018-01-10T23:08:04.620Z] >>> HTTP REQUEST GET https://cloudresourcemanager.googleapis.com/v1/projects/proyecto-movietop  
  
 Wed Jan 10 2018 20:08:04 GMT-0300 (Hora verano Sudamérica Pacífico)
[debug] [2018-01-10T23:08:05.708Z] <<< HTTP RESPONSE 200
[debug] [2018-01-10T23:08:05.708Z] >>> HTTP REQUEST GET https://mobilesdk-pa.googleapis.com/v1/projects/255240706859/clients/_:getWebAppConfig  
  
 Wed Jan 10 2018 20:08:05 GMT-0300 (Hora verano Sudamérica Pacífico)
[debug] [2018-01-10T23:08:08.793Z] <<< HTTP RESPONSE 200
[info] i  hosting: Serving hosting files from: ./
[info] +  hosting: Local server: http://localhost:5000

